{
  "RSpec": {
    "coverage": {
      "/Users/thaismance/Projects/interviews/rovers/rover_navigator.rb": {
        "lines": [
          null,
          null,
          1,
          null,
          null,
          1,
          1,
          1,
          null,
          null,
          1,
          1,
          1,
          null,
          1,
          1,
          null,
          null,
          null,
          1,
          null,
          1,
          1,
          1,
          2,
          null,
          1,
          1,
          1,
          null,
          1,
          null,
          null,
          null,
          null,
          1,
          null,
          1,
          null,
          null,
          1,
          null,
          null,
          null,
          1,
          null,
          0,
          null,
          null
        ]
      },
      "/Users/thaismance/Projects/interviews/rovers/rover.rb": {
        "lines": [
          null,
          null,
          null,
          1,
          1,
          null,
          1,
          null,
          null,
          null,
          null,
          null,
          1,
          3,
          3,
          3,
          null,
          null,
          1,
          3,
          null,
          null,
          1,
          3,
          null,
          2,
          1,
          null,
          null,
          1,
          null,
          1,
          2,
          10,
          null,
          4,
          null,
          6,
          null,
          null,
          null,
          null,
          1,
          4,
          4,
          null,
          null,
          1,
          6,
          null,
          6,
          null,
          5,
          5,
          null,
          null,
          1,
          6,
          6,
          null,
          6,
          null,
          null,
          1,
          9,
          null,
          null,
          1,
          1,
          null,
          null
        ]
      }
    },
    "timestamp": 1734739474
  }
}
